<?xml version="1.0" encoding="UTF-8"?>
<!-- Generated by org.testng.reporters.JUnitXMLReporter -->
<testsuite ignored="0" hostname="LAPTOP-GGK7IJFF" failures="0" tests="4" name="nopCommerce-chrome-test" time="76.923" errors="0" timestamp="2022-07-18T15:38:34 IST">
  <testcase classname="com.nopcommerce.testcases.TC_LoginDDT_002" name="loginTest" time="19.495"/>
  <testcase classname="com.nopcommerce.testcases.TC_LoginDDT_002" name="loginTest" time="16.995"/>
  <testcase classname="com.nopcommerce.testcases.TC_LoginDDT_002" name="loginTest" time="18.305"/>
  <testcase classname="com.nopcommerce.testcases.TC_LoginDDT_002" name="loginTest" time="17.418"/>
</testsuite> <!-- nopCommerce-chrome-test -->
