<?xml version="1.0" encoding="UTF-8"?>
<testng-results ignored="0" total="1" passed="1" failed="0" skipped="0">
  <reporter-output>
  </reporter-output>
  <suite started-at="2022-07-19T17:35:40 IST" name="nopCommerce" finished-at="2022-07-19T17:36:00 IST" duration-ms="20390">
    <groups>
    </groups>
    <test started-at="2022-07-19T17:35:40 IST" name="nopCommerce-chrome-test" finished-at="2022-07-19T17:36:00 IST" duration-ms="20390">
      <class name="com.nopcommerce.testcases.TC_AddCustomerTest_003">
        <test-method is-config="true" signature="setup(java.lang.String)[pri:0, instance:com.nopcommerce.testcases.TC_AddCustomerTest_003@481a996b]" started-at="2022-07-19T17:35:40 IST" name="setup" finished-at="2022-07-19T17:35:42 IST" duration-ms="1902" status="PASS">
          <params>
            <param index="0">
              <value>
                <![CDATA[chrome]]>
              </value>
            </param>
          </params>
          <reporter-output>
          </reporter-output>
        </test-method> <!-- setup -->
        <test-method signature="addNewCustomer()[pri:0, instance:com.nopcommerce.testcases.TC_AddCustomerTest_003@481a996b]" started-at="2022-07-19T17:35:42 IST" name="addNewCustomer" finished-at="2022-07-19T17:36:00 IST" duration-ms="18064" status="PASS">
          <reporter-output>
          </reporter-output>
        </test-method> <!-- addNewCustomer -->
        <test-method is-config="true" signature="tearDown()[pri:0, instance:com.nopcommerce.testcases.TC_AddCustomerTest_003@481a996b]" started-at="2022-07-19T17:36:00 IST" name="tearDown" finished-at="2022-07-19T17:36:00 IST" duration-ms="234" status="PASS">
          <reporter-output>
          </reporter-output>
        </test-method> <!-- tearDown -->
      </class> <!-- com.nopcommerce.testcases.TC_AddCustomerTest_003 -->
    </test> <!-- nopCommerce-chrome-test -->
  </suite> <!-- nopCommerce -->
</testng-results>
