<?xml version="1.0" encoding="UTF-8"?>
<testng-results ignored="0" total="4" passed="4" failed="0" skipped="0">
  <reporter-output>
  </reporter-output>
  <suite started-at="2022-07-18T15:37:17 IST" name="nopCommerce" finished-at="2022-07-18T15:38:34 IST" duration-ms="76923">
    <groups>
    </groups>
    <test started-at="2022-07-18T15:37:17 IST" name="nopCommerce-chrome-test" finished-at="2022-07-18T15:38:34 IST" duration-ms="76923">
      <class name="com.nopcommerce.testcases.TC_LoginDDT_002">
        <test-method is-config="true" signature="setup(java.lang.String)[pri:0, instance:com.nopcommerce.testcases.TC_LoginDDT_002@5e0e82ae]" started-at="2022-07-18T15:37:17 IST" name="setup" finished-at="2022-07-18T15:37:20 IST" duration-ms="2679" status="PASS">
          <params>
            <param index="0">
              <value>
                <![CDATA[chrome]]>
              </value>
            </param>
          </params>
          <reporter-output>
          </reporter-output>
        </test-method> <!-- setup -->
        <test-method signature="loginTest(java.lang.String,java.lang.String)[pri:0, instance:com.nopcommerce.testcases.TC_LoginDDT_002@5e0e82ae]" started-at="2022-07-18T15:37:22 IST" name="loginTest" data-provider="LoginData" finished-at="2022-07-18T15:37:41 IST" duration-ms="19495" status="PASS">
          <params>
            <param index="0">
              <value>
                <![CDATA[admin@yourstore.com ]]>
              </value>
            </param>
            <param index="1">
              <value>
                <![CDATA[admin]]>
              </value>
            </param>
          </params>
          <reporter-output>
          </reporter-output>
        </test-method> <!-- loginTest -->
        <test-method signature="loginTest(java.lang.String,java.lang.String)[pri:0, instance:com.nopcommerce.testcases.TC_LoginDDT_002@5e0e82ae]" started-at="2022-07-18T15:37:41 IST" name="loginTest" data-provider="LoginData" finished-at="2022-07-18T15:37:58 IST" duration-ms="16995" status="PASS">
          <params>
            <param index="0">
              <value>
                <![CDATA[admin@yourstore.com ]]>
              </value>
            </param>
            <param index="1">
              <value>
                <![CDATA[adm]]>
              </value>
            </param>
          </params>
          <reporter-output>
          </reporter-output>
        </test-method> <!-- loginTest -->
        <test-method signature="loginTest(java.lang.String,java.lang.String)[pri:0, instance:com.nopcommerce.testcases.TC_LoginDDT_002@5e0e82ae]" started-at="2022-07-18T15:37:58 IST" name="loginTest" data-provider="LoginData" finished-at="2022-07-18T15:38:16 IST" duration-ms="18305" status="PASS">
          <params>
            <param index="0">
              <value>
                <![CDATA[adm@yourstore.com]]>
              </value>
            </param>
            <param index="1">
              <value>
                <![CDATA[admin]]>
              </value>
            </param>
          </params>
          <reporter-output>
          </reporter-output>
        </test-method> <!-- loginTest -->
        <test-method signature="loginTest(java.lang.String,java.lang.String)[pri:0, instance:com.nopcommerce.testcases.TC_LoginDDT_002@5e0e82ae]" started-at="2022-07-18T15:38:16 IST" name="loginTest" data-provider="LoginData" finished-at="2022-07-18T15:38:34 IST" duration-ms="17418" status="PASS">
          <params>
            <param index="0">
              <value>
                <![CDATA[adm@yourstore.com]]>
              </value>
            </param>
            <param index="1">
              <value>
                <![CDATA[adm]]>
              </value>
            </param>
          </params>
          <reporter-output>
          </reporter-output>
        </test-method> <!-- loginTest -->
        <test-method is-config="true" signature="tearDown()[pri:0, instance:com.nopcommerce.testcases.TC_LoginDDT_002@5e0e82ae]" started-at="2022-07-18T15:38:34 IST" name="tearDown" finished-at="2022-07-18T15:38:34 IST" duration-ms="256" status="PASS">
          <reporter-output>
          </reporter-output>
        </test-method> <!-- tearDown -->
      </class> <!-- com.nopcommerce.testcases.TC_LoginDDT_002 -->
    </test> <!-- nopCommerce-chrome-test -->
  </suite> <!-- nopCommerce -->
</testng-results>
